This is pdfTeX, Version 3.1415926-2.5-1.40.14 (TeX Live 2013/Debian) (format=pdflatex 2015.9.30)  8 JUN 2016 19:27
entering extended mode
 restricted \write18 enabled.
 %&-line parsing enabled.
**thesis.tex
(./thesis.tex
LaTeX2e <2011/06/27>
Babel <3.9h> and hyphenation patterns for 4 languages loaded.
(/usr/share/texlive/texmf-dist/tex/latex/base/report.cls
Document Class: report 2007/10/19 v1.4h Standard LaTeX document class
(/usr/share/texlive/texmf-dist/tex/latex/base/size10.clo
File: size10.clo 2007/10/19 v1.4h Standard LaTeX file (size option)
)
\c@part=\count79
\c@chapter=\count80
\c@section=\count81
\c@subsection=\count82
\c@subsubsection=\count83
\c@paragraph=\count84
\c@subparagraph=\count85
\c@figure=\count86
\c@table=\count87
\abovecaptionskip=\skip41
\belowcaptionskip=\skip42
\bibindent=\dimen102
)
(/usr/share/texlive/texmf-dist/tex/generic/epsf/epsf.sty
This is `epsf.tex' v2.7.4 <14 February 2011>
\epsffilein=\read1
\epsfframemargin=\dimen103
\epsfframethickness=\dimen104
\epsfrsize=\dimen105
\epsftmp=\dimen106
\epsftsize=\dimen107
\epsfxsize=\dimen108
\epsfysize=\dimen109
\pspoints=\dimen110
) (/usr/share/texlive/texmf-dist/tex/latex/graphics/graphicx.sty
Package: graphicx 1999/02/16 v1.0f Enhanced LaTeX Graphics (DPC,SPQR)

(/usr/share/texlive/texmf-dist/tex/latex/graphics/keyval.sty
Package: keyval 1999/03/16 v1.13 key=value parser (DPC)
\KV@toks@=\toks14
)
(/usr/share/texlive/texmf-dist/tex/latex/graphics/graphics.sty
Package: graphics 2009/02/05 v1.0o Standard LaTeX Graphics (DPC,SPQR)

(/usr/share/texlive/texmf-dist/tex/latex/graphics/trig.sty
Package: trig 1999/03/16 v1.09 sin cos tan (DPC)
)
(/usr/share/texlive/texmf-dist/tex/latex/latexconfig/graphics.cfg
File: graphics.cfg 2010/04/23 v1.9 graphics configuration of TeX Live
)
Package graphics Info: Driver file: pdftex.def on input line 91.

(/usr/share/texlive/texmf-dist/tex/latex/pdftex-def/pdftex.def
File: pdftex.def 2011/05/27 v0.06d Graphics/color for pdfTeX

(/usr/share/texlive/texmf-dist/tex/generic/oberdiek/infwarerr.sty
Package: infwarerr 2010/04/08 v1.3 Providing info/warning/error messages (HO)
)
(/usr/share/texlive/texmf-dist/tex/generic/oberdiek/ltxcmds.sty
Package: ltxcmds 2011/11/09 v1.22 LaTeX kernel commands for general use (HO)
)
\Gread@gobject=\count88
))
\Gin@req@height=\dimen111
\Gin@req@width=\dimen112
)
(/usr/share/texlive/texmf-dist/tex/latex/base/latexsym.sty
Package: latexsym 1998/08/17 v2.2e Standard LaTeX package (lasy symbols)
\symlasy=\mathgroup4
LaTeX Font Info:    Overwriting symbol font `lasy' in version `bold'
(Font)                  U/lasy/m/n --> U/lasy/b/n on input line 47.
)
(/usr/share/texlive/texmf-dist/tex/latex/amsfonts/amssymb.sty
Package: amssymb 2013/01/14 v3.01 AMS font symbols

(/usr/share/texlive/texmf-dist/tex/latex/amsfonts/amsfonts.sty
Package: amsfonts 2013/01/14 v3.01 Basic AMSFonts support
\@emptytoks=\toks15
\symAMSa=\mathgroup5
\symAMSb=\mathgroup6
LaTeX Font Info:    Overwriting math alphabet `\mathfrak' in version `bold'
(Font)                  U/euf/m/n --> U/euf/b/n on input line 106.
))
(/usr/share/texlive/texmf-dist/tex/latex/setspace/setspace.sty
Package: setspace 2011/12/19 v6.7a set line spacing
)
(/usr/share/texlive/texmf-dist/tex/latex/cite/cite.sty
LaTeX Info: Redefining \cite on input line 302.
LaTeX Info: Redefining \nocite on input line 373.
Package: cite 2010/09/10  v 5.3
)
(/usr/share/texlive/texmf-dist/tex/latex/anysize/anysize.sty
Package: anysize 1994/08/13 setting margin sizes

document style option `anysize' loaded
Michael Salzenberg, Thomas Esser, Dirk Hillbrecht
Version 1.0, Aug 13, 1994
\@Leftmargin=\dimen113
\@Rightmargin=\dimen114
\@Topmargin=\dimen115
\@Bottommargin=\dimen116
) (/usr/share/texmf/tex/latex/pgf/frontendlayer/tikz.sty
(/usr/share/texmf/tex/latex/pgf/basiclayer/pgf.sty
(/usr/share/texmf/tex/latex/pgf/utilities/pgfrcs.sty
(/usr/share/texmf/tex/generic/pgf/utilities/pgfutil-common.tex
\pgfutil@everybye=\toks16
)
(/usr/share/texmf/tex/generic/pgf/utilities/pgfutil-latex.def
\pgfutil@abb=\box26

(/usr/share/texlive/texmf-dist/tex/latex/ms/everyshi.sty
Package: everyshi 2001/05/15 v3.00 EveryShipout Package (MS)
))
(/usr/share/texmf/tex/generic/pgf/utilities/pgfrcs.code.tex
Package: pgfrcs 2010/10/25 v2.10 (rcs-revision 1.24)
))
Package: pgf 2008/01/15 v2.10 (rcs-revision 1.12)

(/usr/share/texmf/tex/latex/pgf/basiclayer/pgfcore.sty
(/usr/share/texmf/tex/latex/pgf/systemlayer/pgfsys.sty
(/usr/share/texmf/tex/generic/pgf/systemlayer/pgfsys.code.tex
Package: pgfsys 2010/06/30 v2.10 (rcs-revision 1.37)

(/usr/share/texmf/tex/generic/pgf/utilities/pgfkeys.code.tex
\pgfkeys@pathtoks=\toks17
\pgfkeys@temptoks=\toks18

(/usr/share/texmf/tex/generic/pgf/utilities/pgfkeysfiltered.code.tex
\pgfkeys@tmptoks=\toks19
))
\pgf@x=\dimen117
\pgf@y=\dimen118
\pgf@xa=\dimen119
\pgf@ya=\dimen120
\pgf@xb=\dimen121
\pgf@yb=\dimen122
\pgf@xc=\dimen123
\pgf@yc=\dimen124
\w@pgf@writea=\write3
\r@pgf@reada=\read2
\c@pgf@counta=\count89
\c@pgf@countb=\count90
\c@pgf@countc=\count91
\c@pgf@countd=\count92

(/usr/share/texmf/tex/generic/pgf/systemlayer/pgf.cfg
File: pgf.cfg 2008/05/14  (rcs-revision 1.7)
)
Package pgfsys Info: Driver file for pgf: pgfsys-pdftex.def on input line 900.

(/usr/share/texmf/tex/generic/pgf/systemlayer/pgfsys-pdftex.def
File: pgfsys-pdftex.def 2009/05/22  (rcs-revision 1.26)

(/usr/share/texmf/tex/generic/pgf/systemlayer/pgfsys-common-pdf.def
File: pgfsys-common-pdf.def 2008/05/19  (rcs-revision 1.10)
)))
(/usr/share/texmf/tex/generic/pgf/systemlayer/pgfsyssoftpath.code.tex
File: pgfsyssoftpath.code.tex 2008/07/18  (rcs-revision 1.7)
\pgfsyssoftpath@smallbuffer@items=\count93
\pgfsyssoftpath@bigbuffer@items=\count94
)
(/usr/share/texmf/tex/generic/pgf/systemlayer/pgfsysprotocol.code.tex
File: pgfsysprotocol.code.tex 2006/10/16  (rcs-revision 1.4)
))
(/usr/share/texmf/tex/latex/xcolor/xcolor.sty
Package: xcolor 2007/01/21 v2.11 LaTeX color extensions (UK)

(/usr/share/texlive/texmf-dist/tex/latex/latexconfig/color.cfg
File: color.cfg 2007/01/18 v1.5 color configuration of teTeX/TeXLive
)
Package xcolor Info: Driver file: pdftex.def on input line 225.
Package xcolor Info: Model `cmy' substituted by `cmy0' on input line 1337.
Package xcolor Info: Model `hsb' substituted by `rgb' on input line 1341.
Package xcolor Info: Model `RGB' extended on input line 1353.
Package xcolor Info: Model `HTML' substituted by `rgb' on input line 1355.
Package xcolor Info: Model `Hsb' substituted by `hsb' on input line 1356.
Package xcolor Info: Model `tHsb' substituted by `hsb' on input line 1357.
Package xcolor Info: Model `HSB' substituted by `hsb' on input line 1358.
Package xcolor Info: Model `Gray' substituted by `gray' on input line 1359.
Package xcolor Info: Model `wave' substituted by `hsb' on input line 1360.
)
(/usr/share/texmf/tex/generic/pgf/basiclayer/pgfcore.code.tex
Package: pgfcore 2010/04/11 v2.10 (rcs-revision 1.7)

(/usr/share/texmf/tex/generic/pgf/math/pgfmath.code.tex
(/usr/share/texmf/tex/generic/pgf/math/pgfmathcalc.code.tex
(/usr/share/texmf/tex/generic/pgf/math/pgfmathutil.code.tex)
(/usr/share/texmf/tex/generic/pgf/math/pgfmathparser.code.tex
\pgfmath@dimen=\dimen125
\pgfmath@count=\count95
\pgfmath@box=\box27
\pgfmath@toks=\toks20
\pgfmath@stack@operand=\toks21
\pgfmath@stack@operation=\toks22
)
(/usr/share/texmf/tex/generic/pgf/math/pgfmathfunctions.code.tex
(/usr/share/texmf/tex/generic/pgf/math/pgfmathfunctions.basic.code.tex)
(/usr/share/texmf/tex/generic/pgf/math/pgfmathfunctions.trigonometric.code.tex)
(/usr/share/texmf/tex/generic/pgf/math/pgfmathfunctions.random.code.tex)
(/usr/share/texmf/tex/generic/pgf/math/pgfmathfunctions.comparison.code.tex)
(/usr/share/texmf/tex/generic/pgf/math/pgfmathfunctions.base.code.tex)
(/usr/share/texmf/tex/generic/pgf/math/pgfmathfunctions.round.code.tex)
(/usr/share/texmf/tex/generic/pgf/math/pgfmathfunctions.misc.code.tex)))
(/usr/share/texmf/tex/generic/pgf/math/pgfmathfloat.code.tex
\c@pgfmathroundto@lastzeros=\count96
))
(/usr/share/texmf/tex/generic/pgf/basiclayer/pgfcorepoints.code.tex
File: pgfcorepoints.code.tex 2010/04/09  (rcs-revision 1.20)
\pgf@picminx=\dimen126
\pgf@picmaxx=\dimen127
\pgf@picminy=\dimen128
\pgf@picmaxy=\dimen129
\pgf@pathminx=\dimen130
\pgf@pathmaxx=\dimen131
\pgf@pathminy=\dimen132
\pgf@pathmaxy=\dimen133
\pgf@xx=\dimen134
\pgf@xy=\dimen135
\pgf@yx=\dimen136
\pgf@yy=\dimen137
\pgf@zx=\dimen138
\pgf@zy=\dimen139
)
(/usr/share/texmf/tex/generic/pgf/basiclayer/pgfcorepathconstruct.code.tex
File: pgfcorepathconstruct.code.tex 2010/08/03  (rcs-revision 1.24)
\pgf@path@lastx=\dimen140
\pgf@path@lasty=\dimen141
)
(/usr/share/texmf/tex/generic/pgf/basiclayer/pgfcorepathusage.code.tex
File: pgfcorepathusage.code.tex 2008/04/22  (rcs-revision 1.12)
\pgf@shorten@end@additional=\dimen142
\pgf@shorten@start@additional=\dimen143
)
(/usr/share/texmf/tex/generic/pgf/basiclayer/pgfcorescopes.code.tex
File: pgfcorescopes.code.tex 2010/09/08  (rcs-revision 1.34)
\pgfpic=\box28
\pgf@hbox=\box29
\pgf@layerbox@main=\box30
\pgf@picture@serial@count=\count97
)
(/usr/share/texmf/tex/generic/pgf/basiclayer/pgfcoregraphicstate.code.tex
File: pgfcoregraphicstate.code.tex 2008/04/22  (rcs-revision 1.9)
\pgflinewidth=\dimen144
)
(/usr/share/texmf/tex/generic/pgf/basiclayer/pgfcoretransformations.code.tex
File: pgfcoretransformations.code.tex 2009/06/10  (rcs-revision 1.11)
\pgf@pt@x=\dimen145
\pgf@pt@y=\dimen146
\pgf@pt@temp=\dimen147
)
(/usr/share/texmf/tex/generic/pgf/basiclayer/pgfcorequick.code.tex
File: pgfcorequick.code.tex 2008/10/09  (rcs-revision 1.3)
)
(/usr/share/texmf/tex/generic/pgf/basiclayer/pgfcoreobjects.code.tex
File: pgfcoreobjects.code.tex 2006/10/11  (rcs-revision 1.2)
)
(/usr/share/texmf/tex/generic/pgf/basiclayer/pgfcorepathprocessing.code.tex
File: pgfcorepathprocessing.code.tex 2008/10/09  (rcs-revision 1.8)
)
(/usr/share/texmf/tex/generic/pgf/basiclayer/pgfcorearrows.code.tex
File: pgfcorearrows.code.tex 2008/04/23  (rcs-revision 1.11)
)
(/usr/share/texmf/tex/generic/pgf/basiclayer/pgfcoreshade.code.tex
File: pgfcoreshade.code.tex 2008/11/23  (rcs-revision 1.13)
\pgf@max=\dimen148
\pgf@sys@shading@range@num=\count98
)
(/usr/share/texmf/tex/generic/pgf/basiclayer/pgfcoreimage.code.tex
File: pgfcoreimage.code.tex 2010/03/25  (rcs-revision 1.16)

(/usr/share/texmf/tex/generic/pgf/basiclayer/pgfcoreexternal.code.tex
File: pgfcoreexternal.code.tex 2010/09/01  (rcs-revision 1.17)
\pgfexternal@startupbox=\box31
))
(/usr/share/texmf/tex/generic/pgf/basiclayer/pgfcorelayers.code.tex
File: pgfcorelayers.code.tex 2010/08/27  (rcs-revision 1.2)
)
(/usr/share/texmf/tex/generic/pgf/basiclayer/pgfcoretransparency.code.tex
File: pgfcoretransparency.code.tex 2008/01/17  (rcs-revision 1.2)
)
(/usr/share/texmf/tex/generic/pgf/basiclayer/pgfcorepatterns.code.tex
File: pgfcorepatterns.code.tex 2009/07/02  (rcs-revision 1.3)
)))
(/usr/share/texmf/tex/generic/pgf/modules/pgfmoduleshapes.code.tex
File: pgfmoduleshapes.code.tex 2010/09/09  (rcs-revision 1.13)
\pgfnodeparttextbox=\box32
)
(/usr/share/texmf/tex/generic/pgf/modules/pgfmoduleplot.code.tex
File: pgfmoduleplot.code.tex 2010/10/22  (rcs-revision 1.8)
)
(/usr/share/texmf/tex/latex/pgf/compatibility/pgfcomp-version-0-65.sty
Package: pgfcomp-version-0-65 2007/07/03 v2.10 (rcs-revision 1.7)
\pgf@nodesepstart=\dimen149
\pgf@nodesepend=\dimen150
)
(/usr/share/texmf/tex/latex/pgf/compatibility/pgfcomp-version-1-18.sty
Package: pgfcomp-version-1-18 2007/07/23 v2.10 (rcs-revision 1.1)
))
(/usr/share/texmf/tex/latex/pgf/utilities/pgffor.sty
(/usr/share/texmf/tex/latex/pgf/utilities/pgfkeys.sty
(/usr/share/texmf/tex/generic/pgf/utilities/pgfkeys.code.tex))
(/usr/share/texmf/tex/generic/pgf/utilities/pgffor.code.tex
Package: pgffor 2010/03/23 v2.10 (rcs-revision 1.18)
\pgffor@iter=\dimen151
\pgffor@skip=\dimen152
\pgffor@stack=\toks23
\pgffor@toks=\toks24
))
(/usr/share/texmf/tex/generic/pgf/frontendlayer/tikz/tikz.code.tex
Package: tikz 2010/10/13 v2.10 (rcs-revision 1.76)

(/usr/share/texmf/tex/generic/pgf/libraries/pgflibraryplothandlers.code.tex
File: pgflibraryplothandlers.code.tex 2010/05/31 v2.10 (rcs-revision 1.15)
\pgf@plot@mark@count=\count99
\pgfplotmarksize=\dimen153
)
\tikz@lastx=\dimen154
\tikz@lasty=\dimen155
\tikz@lastxsaved=\dimen156
\tikz@lastysaved=\dimen157
\tikzleveldistance=\dimen158
\tikzsiblingdistance=\dimen159
\tikz@figbox=\box33
\tikz@tempbox=\box34
\tikztreelevel=\count100
\tikznumberofchildren=\count101
\tikznumberofcurrentchild=\count102
\tikz@fig@count=\count103

(/usr/share/texmf/tex/generic/pgf/modules/pgfmodulematrix.code.tex
File: pgfmodulematrix.code.tex 2010/08/24  (rcs-revision 1.4)
\pgfmatrixcurrentrow=\count104
\pgfmatrixcurrentcolumn=\count105
\pgf@matrix@numberofcolumns=\count106
)
\tikz@expandcount=\count107

(/usr/share/texmf/tex/generic/pgf/frontendlayer/tikz/libraries/tikzlibrarytopat
hs.code.tex
File: tikzlibrarytopaths.code.tex 2008/06/17 v2.10 (rcs-revision 1.2)
)))
(/usr/share/texmf/tex/generic/pgf/frontendlayer/tikz/libraries/tikzlibraryarrow
s.code.tex
File: tikzlibraryarrows.code.tex 2008/01/09 v2.10 (rcs-revision 1.1)

(/usr/share/texmf/tex/generic/pgf/libraries/pgflibraryarrows.code.tex
File: pgflibraryarrows.code.tex 2008/10/27 v2.10 (rcs-revision 1.9)
\arrowsize=\dimen160
))
(/usr/share/texmf/tex/generic/pgf/frontendlayer/tikz/libraries/tikzlibraryshado
ws.code.tex
File: tikzlibraryshadows.code.tex 2008/01/13 v2.10 (rcs-revision 1.3)

(/usr/share/texmf/tex/generic/pgf/frontendlayer/tikz/libraries/tikzlibraryfadin
gs.code.tex
File: tikzlibraryfadings.code.tex 2009/11/15 v2.10 (rcs-revision 1.2)

(/usr/share/texmf/tex/generic/pgf/libraries/pgflibraryfadings.code.tex
File: pgflibraryfadings.code.tex 2008/02/07 v2.10 (rcs-revision 1.3)
)))
(/usr/share/texmf/tex/generic/pgf/frontendlayer/tikz/libraries/tikzlibraryposit
ioning.code.tex
File: tikzlibrarypositioning.code.tex 2008/10/06 v2.10 (rcs-revision 1.7)
) (./fancyhdr.sty
\headwidth=\dimen161
)
(/usr/share/texlive/texmf-dist/tex/latex/floatrow/floatrow.sty
Package: floatrow 2008/08/02 v0.3b floatrow: float package extension

(/usr/share/texlive/texmf-dist/tex/latex/caption/caption3.sty
Package: caption3 2013/05/02 v1.6-88 caption3 kernel (AR)
Package caption3 Info: TeX engine: e-TeX on input line 57.
\captionmargin=\dimen162
\captionmargin@=\dimen163
\captionwidth=\dimen164
\caption@tempdima=\dimen165
\caption@indent=\dimen166
\caption@parindent=\dimen167
\caption@hangindent=\dimen168
)
\c@float@type=\count108
\float@exts=\toks25
\float@box=\box35
\@floatcapt=\box36
Package floatrow Info: Modified float package code loaded on input line 455.
Package floatrow Info: Modified rotfloat package code loaded on input line 473.

\FR@everyfloat=\toks26
\flrow@foot=\insert233
\FB@wd=\dimen169
\FBo@wd=\dimen170
\FBc@wd=\dimen171
\FBo@ht=\skip43
\FBc@ht=\skip44
\FBf@ht=\skip45
\FBo@max=\skip46
\FBc@max=\skip47
\FBf@max=\skip48
\c@FBl@b=\count109
\floatbox@depth=\count110
\c@FRobj=\count111
\c@FRsobj=\count112
\Xhsize=\skip49
\sXhsize=\skip50
\Zhsize=\skip51
\sZhsize=\skip52
\flrow@rowbox=\box37
\FR@Zunitlength=\dimen172
\c@FBcnt=\count113
\FPOScnt=\count114
\LTleft=\skip53
\LTright=\skip54
\LTleft=\skip55
\LTright=\skip56
\flrow@types=\toks27
)
(/usr/share/texlive/texmf-dist/tex/latex/algorithms/algorithm.sty
Package: algorithm 2009/08/24 v0.1 Document Style `algorithm' - floating enviro
nment

(/usr/share/texlive/texmf-dist/tex/latex/base/ifthen.sty
Package: ifthen 2001/05/26 v1.1c Standard LaTeX ifthen package (DPC)
)
\c@algorithm=\count115
)
(/usr/share/texlive/texmf-dist/tex/latex/algorithmicx/algpseudocode.sty
Package: algpseudocode 

(/usr/share/texlive/texmf-dist/tex/latex/algorithmicx/algorithmicx.sty
Package: algorithmicx 2005/04/27 v1.2 Algorithmicx

Document Style algorithmicx 1.2 - a greatly improved `algorithmic' style
\c@ALG@line=\count116
\c@ALG@rem=\count117
\c@ALG@nested=\count118
\ALG@tlm=\skip57
\ALG@thistlm=\skip58
\c@ALG@Lnr=\count119
\c@ALG@blocknr=\count120
\c@ALG@storecount=\count121
\c@ALG@tmpcounter=\count122
\ALG@tmplength=\skip59
)
Document Style - pseudocode environments for use with the `algorithmicx' style
) (/usr/share/texlive/texmf-dist/tex/latex/subfigure/subfigure.sty
Package: subfigure 2002/03/15 v2.1.5 subfigure package
\subfigtopskip=\skip60
\subfigcapskip=\skip61
\subfigcaptopadj=\dimen173
\subfigbottomskip=\skip62
\subfigcapmargin=\dimen174
\subfiglabelskip=\skip63
\c@subfigure=\count123
\c@lofdepth=\count124
\c@subtable=\count125
\c@lotdepth=\count126

****************************************
* Local config file subfigure.cfg used *
****************************************
(/usr/share/texlive/texmf-dist/tex/latex/subfigure/subfigure.cfg)
\subfig@top=\skip64
\subfig@bottom=\skip65
)
(/usr/share/texlive/texmf-dist/tex/latex/mh/mathtools.sty
Package: mathtools 2013/02/12 v1.13 mathematical typesetting tools

(/usr/share/texlive/texmf-dist/tex/latex/tools/calc.sty
Package: calc 2007/08/22 v4.3 Infix arithmetic (KKT,FJ)
\calc@Acount=\count127
\calc@Bcount=\count128
\calc@Adimen=\dimen175
\calc@Bdimen=\dimen176
\calc@Askip=\skip66
\calc@Bskip=\skip67
LaTeX Info: Redefining \setlength on input line 76.
LaTeX Info: Redefining \addtolength on input line 77.
\calc@Ccount=\count129
\calc@Cskip=\skip68
)
(/usr/share/texlive/texmf-dist/tex/latex/mh/mhsetup.sty
Package: mhsetup 2010/01/21 v1.2a programming setup (MH)
)
(/usr/share/texlive/texmf-dist/tex/latex/amsmath/amsmath.sty
Package: amsmath 2013/01/14 v2.14 AMS math features
\@mathmargin=\skip69

For additional information on amsmath, use the `?' option.
(/usr/share/texlive/texmf-dist/tex/latex/amsmath/amstext.sty
Package: amstext 2000/06/29 v2.01

(/usr/share/texlive/texmf-dist/tex/latex/amsmath/amsgen.sty
File: amsgen.sty 1999/11/30 v2.0
\@emptytoks=\toks28
\ex@=\dimen177
))
(/usr/share/texlive/texmf-dist/tex/latex/amsmath/amsbsy.sty
Package: amsbsy 1999/11/29 v1.2d
\pmbraise@=\dimen178
)
(/usr/share/texlive/texmf-dist/tex/latex/amsmath/amsopn.sty
Package: amsopn 1999/12/14 v2.01 operator names
)
\inf@bad=\count130
LaTeX Info: Redefining \frac on input line 210.
\uproot@=\count131
\leftroot@=\count132
LaTeX Info: Redefining \overline on input line 306.
\classnum@=\count133
\DOTSCASE@=\count134
LaTeX Info: Redefining \ldots on input line 378.
LaTeX Info: Redefining \dots on input line 381.
LaTeX Info: Redefining \cdots on input line 466.
\Mathstrutbox@=\box38
\strutbox@=\box39
\big@size=\dimen179
LaTeX Font Info:    Redeclaring font encoding OML on input line 566.
LaTeX Font Info:    Redeclaring font encoding OMS on input line 567.
\macc@depth=\count135
\c@MaxMatrixCols=\count136
\dotsspace@=\muskip10
\c@parentequation=\count137
\dspbrk@lvl=\count138
\tag@help=\toks29
\row@=\count139
\column@=\count140
\maxfields@=\count141
\andhelp@=\toks30
\eqnshift@=\dimen180
\alignsep@=\dimen181
\tagshift@=\dimen182
\tagwidth@=\dimen183
\totwidth@=\dimen184
\lineht@=\dimen185
\@envbody=\toks31
\multlinegap=\skip70
\multlinetaggap=\skip71
\mathdisplay@stack=\toks32
LaTeX Info: Redefining \[ on input line 2665.
LaTeX Info: Redefining \] on input line 2666.
)
LaTeX Info: Thecontrolsequence`\['isalreadyrobust on input line 129.
LaTeX Info: Thecontrolsequence`\]'isalreadyrobust on input line 129.
\g_MT_multlinerow_int=\count142
\l_MT_multwidth_dim=\dimen186
\origjot=\skip72
\l_MT_shortvdotswithinadjustabove_dim=\dimen187
\l_MT_shortvdotswithinadjustbelow_dim=\dimen188
\l_MT_above_intertext_sep=\dimen189
\l_MT_below_intertext_sep=\dimen190
\l_MT_above_shortintertext_sep=\dimen191
\l_MT_below_shortintertext_sep=\dimen192
)
(/usr/share/texlive/texmf-dist/tex/latex/url/url.sty
\Urlmuskip=\muskip11
Package: url 2013/09/16  ver 3.4  Verb mode for urls, etc.
)
(/usr/share/texlive/texmf-dist/tex/latex/multirow/multirow.sty
\bigstrutjot=\dimen193
)
(/usr/share/texlive/texmf-dist/tex/latex/tools/tabularx.sty
Package: tabularx 1999/01/07 v2.07 `tabularx' package (DPC)

(/usr/share/texlive/texmf-dist/tex/latex/tools/array.sty
Package: array 2008/09/09 v2.4c Tabular extension package (FMi)
\col@sep=\dimen194
\extrarowheight=\dimen195
\NC@list=\toks33
\extratabsurround=\skip73
\backup@length=\skip74
)
\TX@col@width=\dimen196
\TX@old@table=\dimen197
\TX@old@col=\dimen198
\TX@target=\dimen199
\TX@delta=\dimen200
\TX@cols=\count143
\TX@ftn=\toks34
)
(/usr/share/texlive/texmf-dist/tex/latex/acro/acro.sty
(/usr/share/texlive/texmf-dist/tex/latex/l3kernel/expl3.sty
(/usr/share/texlive/texmf-dist/tex/latex/l3kernel/l3names.sty
(/usr/share/texlive/texmf-dist/tex/latex/l3kernel/l3bootstrap.sty
Package: l3bootstrap 2014/01/04 v4640 L3 Experimental bootstrap code
)
Package: l3names 2014/01/04 v4640 L3 Namespace for primitives
)
(/usr/share/texlive/texmf-dist/tex/latex/etex-pkg/etex.sty
Package: etex 1998/03/26 v2.0 eTeX basic definition package (PEB)
\et@xins=\count144
)
Package: expl3 2014/01/07 v4646 L3 Experimental code bundle wrapper

(/usr/share/texlive/texmf-dist/tex/latex/l3kernel/l3basics.sty
Package: l3basics 2014/01/04 v4642 L3 Basic definitions
)
(/usr/share/texlive/texmf-dist/tex/latex/l3kernel/l3expan.sty
Package: l3expan 2014/01/04 v4642 L3 Argument expansion
)
(/usr/share/texlive/texmf-dist/tex/latex/l3kernel/l3tl.sty
Package: l3tl 2013/12/27 v4625 L3 Token lists
)
(/usr/share/texlive/texmf-dist/tex/latex/l3kernel/l3seq.sty
Package: l3seq 2013/12/14 v4623 L3 Sequences and stacks
)
(/usr/share/texlive/texmf-dist/tex/latex/l3kernel/l3int.sty
Package: l3int 2013/08/02 v4583 L3 Integers
\c_max_int=\count145
\l_tmpa_int=\count146
\l_tmpb_int=\count147
\g_tmpa_int=\count148
\g_tmpb_int=\count149
)
(/usr/share/texlive/texmf-dist/tex/latex/l3kernel/l3quark.sty
Package: l3quark 2013/12/14 v4623 L3 Quarks
)
(/usr/share/texlive/texmf-dist/tex/latex/l3kernel/l3prg.sty
Package: l3prg 2014/01/04 v4642 L3 Control structures
\g__prg_map_int=\count150
)
(/usr/share/texlive/texmf-dist/tex/latex/l3kernel/l3clist.sty
Package: l3clist 2013/07/28 v4581 L3 Comma separated lists
)
(/usr/share/texlive/texmf-dist/tex/latex/l3kernel/l3token.sty
Package: l3token 2013/08/25 v4587 L3 Experimental token manipulation
)
(/usr/share/texlive/texmf-dist/tex/latex/l3kernel/l3prop.sty
Package: l3prop 2013/12/14 v4623 L3 Property lists
)
(/usr/share/texlive/texmf-dist/tex/latex/l3kernel/l3msg.sty
Package: l3msg 2013/07/28 v4581 L3 Messages
)
(/usr/share/texlive/texmf-dist/tex/latex/l3kernel/l3file.sty
Package: l3file 2013/10/13 v4596 L3 File and I/O operations
\l_iow_line_count_int=\count151
\l__iow_target_count_int=\count152
\l__iow_current_line_int=\count153
\l__iow_current_word_int=\count154
\l__iow_current_indentation_int=\count155
)
(/usr/share/texlive/texmf-dist/tex/latex/l3kernel/l3skip.sty
Package: l3skip 2013/07/28 v4581 L3 Dimensions and skips
Normal \dimen register pool exhausted, switching to extended pool.
\c_zero_dim=\dimen256
\c_max_dim=\dimen257
\l_tmpa_dim=\dimen258
\l_tmpb_dim=\dimen259
\g_tmpa_dim=\dimen260
\g_tmpb_dim=\dimen261
\c_zero_skip=\skip75
\c_max_skip=\skip76
\l_tmpa_skip=\skip77
\l_tmpb_skip=\skip78
\g_tmpa_skip=\skip79
\g_tmpb_skip=\skip80
\c_zero_muskip=\muskip12
\c_max_muskip=\muskip13
\l_tmpa_muskip=\muskip14
\l_tmpb_muskip=\muskip15
\g_tmpa_muskip=\muskip16
\g_tmpb_muskip=\muskip17
)
(/usr/share/texlive/texmf-dist/tex/latex/l3kernel/l3keys.sty
Package: l3keys 2013/12/08 v4614 L3 Experimental key-value interfaces
\g__keyval_level_int=\count156
\l_keys_choice_int=\count157
)
(/usr/share/texlive/texmf-dist/tex/latex/l3kernel/l3fp.sty
Package: l3fp 2014/01/04 v4642 L3 Floating points
\c__fp_leading_shift_int=\count158
\c__fp_middle_shift_int=\count159
\c__fp_trailing_shift_int=\count160
\c__fp_big_leading_shift_int=\count161
\c__fp_big_middle_shift_int=\count162
\c__fp_big_trailing_shift_int=\count163
\c__fp_Bigg_leading_shift_int=\count164
\c__fp_Bigg_middle_shift_int=\count165
\c__fp_Bigg_trailing_shift_int=\count166
)
(/usr/share/texlive/texmf-dist/tex/latex/l3kernel/l3box.sty
Package: l3box 2013/07/28 v4581 L3 Experimental boxes
\c_empty_box=\box40
\l_tmpa_box=\box41
\l_tmpb_box=\box42
\g_tmpa_box=\box43
\g_tmpb_box=\box44
)
(/usr/share/texlive/texmf-dist/tex/latex/l3kernel/l3coffins.sty
Package: l3coffins 2013/12/14 v4624 L3 Coffin code layer
\l__coffin_internal_box=\box45
\l__coffin_internal_dim=\dimen262
\l__coffin_offset_x_dim=\dimen263
\l__coffin_offset_y_dim=\dimen264
\l__coffin_x_dim=\dimen265
\l__coffin_y_dim=\dimen266
\l__coffin_x_prime_dim=\dimen267
\l__coffin_y_prime_dim=\dimen268
\c_empty_coffin=\box46
\l__coffin_aligned_coffin=\box47
\l__coffin_aligned_internal_coffin=\box48
\l_tmpa_coffin=\box49
\l_tmpb_coffin=\box50
\l__coffin_display_coffin=\box51
\l__coffin_display_coord_coffin=\box52
\l__coffin_display_pole_coffin=\box53
\l__coffin_display_offset_dim=\dimen269
\l__coffin_display_x_dim=\dimen270
\l__coffin_display_y_dim=\dimen271
)
(/usr/share/texlive/texmf-dist/tex/latex/l3kernel/l3color.sty
Package: l3color 2012/08/29 v4156 L3 Experimental color support
)
(/usr/share/texlive/texmf-dist/tex/latex/l3kernel/l3luatex.sty
Package: l3luatex 2013/07/28 v4581 L3 Experimental LuaTeX-specific functions
\g__cctab_allocate_int=\count167
\g__cctab_stack_int=\count168
)
(/usr/share/texlive/texmf-dist/tex/latex/l3kernel/l3candidates.sty
Package: l3candidates 2014/01/06 v4643 L3 Experimental additions to l3kernel
\l__box_top_dim=\dimen272
\l__box_bottom_dim=\dimen273
\l__box_left_dim=\dimen274
\l__box_right_dim=\dimen275
\l__box_top_new_dim=\dimen276
\l__box_bottom_new_dim=\dimen277
\l__box_left_new_dim=\dimen278
\l__box_right_new_dim=\dimen279
\l__box_internal_box=\box54
\l__coffin_bounding_shift_dim=\dimen280
\l__coffin_left_corner_dim=\dimen281
\l__coffin_right_corner_dim=\dimen282
\l__coffin_bottom_corner_dim=\dimen283
\l__coffin_top_corner_dim=\dimen284
\l__coffin_scaled_total_height_dim=\dimen285
\l__coffin_scaled_width_dim=\dimen286
)
(/usr/share/texlive/texmf-dist/tex/generic/oberdiek/ifpdf.sty
Package: ifpdf 2011/01/30 v2.3 Provides the ifpdf switch (HO)
Package ifpdf Info: pdfTeX in PDF mode is detected.
))
(/usr/share/texlive/texmf-dist/tex/latex/l3experimental/l3sort/l3sort.sty
Package: l3sort 2013/12/14 v4623 L3 Experimental sorting functions
\l__sort_length_int=\count169
\l__sort_block_int=\count170
\l__sort_begin_int=\count171
\l__sort_end_int=\count172
\l__sort_A_int=\count173
\l__sort_B_int=\count174
\l__sort_C_int=\count175
)
(/usr/share/texlive/texmf-dist/tex/latex/l3packages/xparse/xparse.sty
Package: xparse 2013/12/31 v4634 L3 Experimental document command parser
\l__xparse_current_arg_int=\count176
\l__xparse_m_args_int=\count177
\l__xparse_mandatory_args_int=\count178
\l__xparse_processor_int=\count179
\l__xparse_v_nesting_int=\count180
)
(/usr/share/texlive/texmf-dist/tex/latex/l3packages/l3keys2e/l3keys2e.sty
Package: l3keys2e 2013/12/31 v4634 LaTeX2e option processing using LaTeX3 keys
)
(/usr/share/texlive/texmf-dist/tex/latex/l3packages/xtemplate/xtemplate.sty
Package: xtemplate 2013/12/31 v4634 L3 Experimental prototype document function
s
\l__xtemplate_tmp_dim=\dimen287
\l__xtemplate_tmp_int=\count181
\l__xtemplate_tmp_muskip=\muskip18
\l__xtemplate_tmp_skip=\skip81
Variant \prop_get:NoNTF already defined; not changing it on line 106
Variant \prop_get:NoNT already defined; not changing it on line 107
Variant \prop_get:NoNF already defined; not changing it on line 108
)
Package: acro 2013/12/18 v1.5 Typeset Acronyms
\l__acro_tmpa_int=\count182
\l__acro_tmpb_int=\count183
\l__acro_tmpc_int=\count184
\l__acro_tmpd_int=\count185
Variant \tl_put_right:NV already defined; not changing it on line 124
Variant \seq_use:cnnn already defined; not changing it on line 127
\l__acro_table_width_dim=\dimen288
\l__acro_page_space_dim=\dimen289
.................................................
. LaTeX info: "xparse/define-command"
. 
. Defining document command \acfirstupper with arg. spec. 'm' on line 299.
.................................................
.................................................
. LaTeX info: "xparse/define-command"
. 
. Defining document command \acsetup with arg. spec. 'm' on line 426.
.................................................
.................................................
. xtemplate info: "declare-object-type"
. 
. Declaring object type 'acro-first' taking 3 argument(s) on line 528.
.................................................
.................................................
. xtemplate info: "declare-object-type"
. 
. Declaring object type 'acro-extra' taking 1 argument(s) on line 712.
.................................................

(/usr/share/texlive/texmf-dist/tex/latex/oberdiek/zref-abspage.sty
Package: zref-abspage 2012/04/04 v2.24 Module abspage for zref (HO)

(/usr/share/texlive/texmf-dist/tex/latex/oberdiek/zref-base.sty
Package: zref-base 2012/04/04 v2.24 Module base for zref (HO)

(/usr/share/texlive/texmf-dist/tex/generic/oberdiek/kvsetkeys.sty
Package: kvsetkeys 2012/04/25 v1.16 Key value parser (HO)

(/usr/share/texlive/texmf-dist/tex/generic/oberdiek/etexcmds.sty
Package: etexcmds 2011/02/16 v1.5 Avoid name clashes with e-TeX commands (HO)

(/usr/share/texlive/texmf-dist/tex/generic/oberdiek/ifluatex.sty
Package: ifluatex 2010/03/01 v1.3 Provides the ifluatex switch (HO)
Package ifluatex Info: LuaTeX not detected.
)
Package etexcmds Info: Could not find \expanded.
(etexcmds)             That can mean that you are not using pdfTeX 1.50 or
(etexcmds)             that some package has redefined \expanded.
(etexcmds)             In the latter case, load this package earlier.
))
(/usr/share/texlive/texmf-dist/tex/generic/oberdiek/kvdefinekeys.sty
Package: kvdefinekeys 2011/04/07 v1.3 Define keys (HO)
)
(/usr/share/texlive/texmf-dist/tex/generic/oberdiek/pdftexcmds.sty
Package: pdftexcmds 2011/11/29 v0.20 Utility functions of pdfTeX for LuaTeX (HO
)
Package pdftexcmds Info: LuaTeX not detected.
Package pdftexcmds Info: \pdf@primitive is available.
Package pdftexcmds Info: \pdf@ifprimitive is available.
Package pdftexcmds Info: \pdfdraftmode found.
)
(/usr/share/texlive/texmf-dist/tex/latex/oberdiek/auxhook.sty
Package: auxhook 2011/03/04 v1.3 Hooks for auxiliary files (HO)
)
Package zref Info: New property list: main on input line 759.
Package zref Info: New property: default on input line 760.
Package zref Info: New property: page on input line 761.
)
(/usr/share/texlive/texmf-dist/tex/generic/oberdiek/atbegshi.sty
Package: atbegshi 2011/10/05 v1.16 At begin shipout hook (HO)
)
\c@abspage=\count186
Package zref Info: New property: abspage on input line 62.
)
.................................................
. xtemplate info: "declare-object-type"
. 
. Declaring object type 'acro-page-number' taking 1 argument(s) on line 932.
.................................................
.................................................
. xtemplate info: "declare-object-type"
. 
. Declaring object type 'acro-title' taking 1 argument(s) on line 983.
.................................................
.................................................
. xtemplate info: "declare-object-type"
. 
. Declaring object type 'acro-list' taking 3 argument(s) on line 1019.
.................................................
.................................................
. LaTeX info: "xparse/define-command"
. 
. Defining document command \ac with arg. spec. 'sm' on line 1858.
.................................................
.................................................
. LaTeX info: "xparse/define-command"
. 
. Defining document command \iac with arg. spec. 'sm' on line 1870.
.................................................
.................................................
. LaTeX info: "xparse/define-command"
. 
. Defining document command \Iac with arg. spec. 'sm' on line 1882.
.................................................
.................................................
. LaTeX info: "xparse/define-command"
. 
. Defining document command \Ac with arg. spec. 'sm' on line 1894.
.................................................
.................................................
. LaTeX info: "xparse/define-command"
. 
. Defining document command \acp with arg. spec. 'sm' on line 1906.
.................................................
.................................................
. LaTeX info: "xparse/define-command"
. 
. Defining document command \Acp with arg. spec. 'sm' on line 1919.
.................................................
.................................................
. LaTeX info: "xparse/define-command"
. 
. Defining document command \acs with arg. spec. 'sm' on line 1931.
.................................................
.................................................
. LaTeX info: "xparse/define-command"
. 
. Defining document command \iacs with arg. spec. 'sm' on line 1943.
.................................................
.................................................
. LaTeX info: "xparse/define-command"
. 
. Defining document command \Iacs with arg. spec. 'sm' on line 1955.
.................................................
.................................................
. LaTeX info: "xparse/define-command"
. 
. Defining document command \acsp with arg. spec. 'sm' on line 1967.
.................................................
.................................................
. LaTeX info: "xparse/define-command"
. 
. Defining document command \aca with arg. spec. 'sm' on line 1979.
.................................................
.................................................
. LaTeX info: "xparse/define-command"
. 
. Defining document command \iaca with arg. spec. 'sm' on line 1991.
.................................................
.................................................
. LaTeX info: "xparse/define-command"
. 
. Defining document command \Iaca with arg. spec. 'sm' on line 2003.
.................................................
.................................................
. LaTeX info: "xparse/define-command"
. 
. Defining document command \acap with arg. spec. 'sm' on line 2015.
.................................................
.................................................
. LaTeX info: "xparse/define-command"
. 
. Defining document command \acl with arg. spec. 'sm' on line 2027.
.................................................
.................................................
. LaTeX info: "xparse/define-command"
. 
. Defining document command \iacl with arg. spec. 'sm' on line 2039.
.................................................
.................................................
. LaTeX info: "xparse/define-command"
. 
. Defining document command \Iacl with arg. spec. 'sm' on line 2051.
.................................................
.................................................
. LaTeX info: "xparse/define-command"
. 
. Defining document command \Acl with arg. spec. 'sm' on line 2063.
.................................................
.................................................
. LaTeX info: "xparse/define-command"
. 
. Defining document command \aclp with arg. spec. 'sm' on line 2075.
.................................................
.................................................
. LaTeX info: "xparse/define-command"
. 
. Defining document command \Aclp with arg. spec. 'sm' on line 2088.
.................................................
.................................................
. LaTeX info: "xparse/define-command"
. 
. Defining document command \acf with arg. spec. 'sm' on line 2100.
.................................................
.................................................
. LaTeX info: "xparse/define-command"
. 
. Defining document command \iacf with arg. spec. 'sm' on line 2112.
.................................................
.................................................
. LaTeX info: "xparse/define-command"
. 
. Defining document command \Iacf with arg. spec. 'sm' on line 2124.
.................................................
.................................................
. LaTeX info: "xparse/define-command"
. 
. Defining document command \Acf with arg. spec. 'sm' on line 2136.
.................................................
.................................................
. LaTeX info: "xparse/define-command"
. 
. Defining document command \acfp with arg. spec. 'sm' on line 2148.
.................................................
.................................................
. LaTeX info: "xparse/define-command"
. 
. Defining document command \Acfp with arg. spec. 'sm' on line 2161.
.................................................
.................................................
. LaTeX info: "xparse/define-command"
. 
. Defining document command \acflike with arg. spec. 'smm' on line 2173.
.................................................
.................................................
. LaTeX info: "xparse/define-command"
. 
. Defining document command \iacflike with arg. spec. 'smm' on line 2185.
.................................................
.................................................
. LaTeX info: "xparse/define-command"
. 
. Defining document command \Iacflike with arg. spec. 'smm' on line 2197.
.................................................
.................................................
. LaTeX info: "xparse/define-command"
. 
. Defining document command \acfplike with arg. spec. 'smm' on line 2209.
.................................................
.................................................
. LaTeX info: "xparse/define-command"
. 
. Defining document command \acifused with arg. spec. 'm' on line 2246.
.................................................
.................................................
. LaTeX info: "xparse/define-command"
. 
. Defining document command \acresetall with arg. spec. '' on line 2260.
.................................................
.................................................
. LaTeX info: "xparse/define-command"
. 
. Defining document command \acuseall with arg. spec. '' on line 2263.
.................................................
.................................................
. LaTeX info: "xparse/define-command"
. 
. Defining document command \acreset with arg. spec. '>{\SplitList {,}}m' on
. line 2266.
.................................................
.................................................
. LaTeX info: "xparse/define-command"
. 
. Defining document command \acuse with arg. spec. '>{\SplitList {,}}m' on
. line 2269.
.................................................

(/usr/share/texlive/texmf-dist/tex/latex/translations/translations.sty
Package: translations 2014/01/23 v1.2a internationalization of LaTeX2e packages
 (CN)

(/usr/share/texlive/texmf-dist/tex/latex/cnltx/cnltx-base.sty
Package: cnltx-base 2014/01/05 v0.10 LaTeX tools and documenting facilities (CN
)

(/usr/share/texlive/texmf-dist/tex/latex/pgfopts/pgfopts.sty
Package: pgfopts 2011/06/02 v2.1 LaTeX package options with pgfkeys
\pgfopts@list@add@a@toks=\toks35
\pgfopts@list@add@b@toks=\toks36
)
(/usr/share/texlive/texmf-dist/tex/latex/etoolbox/etoolbox.sty
Package: etoolbox 2011/01/03 v2.1 e-TeX tools for LaTeX
\etb@tempcnta=\count187
)
\c@cnltx@tmpa=\count188
\c@cnltx@tmpb=\count189
\c@cnltx@tmpc=\count190
\cnltx@tmpa@length=\skip82
\cnltx@tmpb@length=\skip83
\cnltx@tmpc@length=\skip84

(/usr/share/texlive/texmf-dist/tex/latex/trimspaces/trimspaces.sty
Package: trimspaces 2009/09/17 v1.1 Trim spaces around a token list
))
(/usr/share/texlive/texmf-dist/tex/latex/koma-script/scrlfile.sty
Package: scrlfile 2013/12/19 v3.12 KOMA-Script package (loading files)

Package scrlfile, 2013/12/19 v3.12 KOMA-Script package (loading files)
                  Copyright (C) Markus Kohm

))
\g__file_internal_ior=\read3
 (/usr/share/texlive/texmf-dist/tex/latex/acro/acro1.def
File: acro1.def 
.................................................
. LaTeX info: "xparse/define-command"
. 
. Defining document command \DeclareAcronym with arg. spec. 'mm' on line 451.
.................................................
.................................................
. LaTeX info: "xparse/define-command"
. 
. Defining document command \printacronyms with arg. spec. 'O{}' on line 506.
.................................................
)) (./acro_def2.tex)
Package translations Info: No language package found. I am going to use `englis
h' as default language. on input line 47.


LaTeX Warning: Unused global option(s):
    [a4,12p].

(build/thesis.aux (build/header.aux)

LaTeX Warning: Label `fig:final_room' multiply defined.


LaTeX Warning: Label `fig:Path_planning' multiply defined.


LaTeX Warning: Label `pot_field' multiply defined.


LaTeX Warning: Label `fig:final_room' multiply defined.

)
\openout1 = `thesis.aux'.

LaTeX Font Info:    Checking defaults for OML/cmm/m/it on input line 47.
LaTeX Font Info:    ... okay on input line 47.
LaTeX Font Info:    Checking defaults for T1/cmr/m/n on input line 47.
LaTeX Font Info:    ... okay on input line 47.
LaTeX Font Info:    Checking defaults for OT1/cmr/m/n on input line 47.
LaTeX Font Info:    ... okay on input line 47.
LaTeX Font Info:    Checking defaults for OMS/cmsy/m/n on input line 47.
LaTeX Font Info:    ... okay on input line 47.
LaTeX Font Info:    Checking defaults for OMX/cmex/m/n on input line 47.
LaTeX Font Info:    ... okay on input line 47.
LaTeX Font Info:    Checking defaults for U/cmr/m/n on input line 47.
LaTeX Font Info:    ... okay on input line 47.
 (/usr/share/texlive/texmf-dist/tex/context/base/supp-pdf.mkii
[Loading MPS to PDF converter (version 2006.09.02).]
\scratchcounter=\count191
\scratchdimen=\dimen290
\scratchbox=\box55
\nofMPsegments=\count192
\nofMParguments=\count193
\everyMPshowfont=\toks37
\MPscratchCnt=\count194
\MPscratchDim=\dimen291
\MPnumerator=\count195
\makeMPintoPDFobject=\count196
\everyMPtoPDFconversion=\toks38
) (/usr/share/texlive/texmf-dist/tex/latex/oberdiek/epstopdf-base.sty
Package: epstopdf-base 2010/02/09 v2.5 Base part for package epstopdf

(/usr/share/texlive/texmf-dist/tex/latex/oberdiek/grfext.sty
Package: grfext 2010/08/19 v1.1 Manage graphics extensions (HO)
)
(/usr/share/texlive/texmf-dist/tex/latex/oberdiek/kvoptions.sty
Package: kvoptions 2011/06/30 v3.11 Key value format for package options (HO)
)
Package grfext Info: Graphics extension search list:
(grfext)             [.png,.pdf,.jpg,.mps,.jpeg,.jbig2,.jb2,.PNG,.PDF,.JPG,.JPE
G,.JBIG2,.JB2,.eps]
(grfext)             \AppendGraphicsExtensions on input line 452.

(/usr/share/texlive/texmf-dist/tex/latex/latexconfig/epstopdf-sys.cfg
File: epstopdf-sys.cfg 2010/07/13 v1.3 Configuration of (r)epstopdf for TeX Liv
e
))
ABD: EveryShipout initializing macros
Package caption Info: Begin \AtBeginDocument code.
Package caption Info: End \AtBeginDocument code.

(/usr/share/texlive/texmf-dist/tex/latex/tools/xspace.sty
Package: xspace 2009/10/20 v1.13 Space after command names (DPC,MH)
)
\AtBeginShipoutBox=\box56

(/usr/share/texlive/texmf-dist/tex/latex/translations/translations-basic-dictio
nary-english.trsl
File: translations-basic-dictionary-english.trsl (english translation file `tra
nslations-basic-dictionary')
)
\openout2 = `header.aux'.

 (./header.tex
<figures/ublogo.png, id=20, 263.98625pt x 160.6pt>
File: figures/ublogo.png Graphic file (type png)
 <use figures/ublogo.png>
Package pdftex.def Info: figures/ublogo.png used on input line 22.
(pdftex.def)             Requested size: 90.47919pt x 55.04584pt.
LaTeX Font Info:    Try loading font information for U+lasy on input line 33.

(/usr/share/texlive/texmf-dist/tex/latex/base/ulasy.fd
File: ulasy.fd 1998/08/17 v2.2e LaTeX symbol font definitions
)
LaTeX Font Info:    Try loading font information for U+msa on input line 33.

(/usr/share/texlive/texmf-dist/tex/latex/amsfonts/umsa.fd
File: umsa.fd 2013/01/14 v3.01 AMS symbols A
)
LaTeX Font Info:    Try loading font information for U+msb on input line 33.

(/usr/share/texlive/texmf-dist/tex/latex/amsfonts/umsb.fd
File: umsb.fd 2013/01/14 v3.01 AMS symbols B
) [1


{/var/lib/texmf/fonts/map/pdftex/updmap/pdftex.map} <./figures/ublogo.png>] [1]
 (build/thesis.toc [1

] [2])
\tf@toc=\write4
\openout4 = `thesis.toc'.

 [3] (build/thesis.lof [4

])
\tf@lof=\write5
\openout5 = `thesis.lof'.

 [5] (build/thesis.lot)
\tf@lot=\write6
\openout6 = `thesis.lot'.

 [6

]) [7


]
(./intro.tex
Chapter 1.
<figures/Micro_aerial.png, id=58, 1237.62375pt x 889.3225pt>
File: figures/Micro_aerial.png Graphic file (type png)

<use figures/Micro_aerial.png>
Package pdftex.def Info: figures/Micro_aerial.png used on input line 78.
(pdftex.def)             Requested size: 330.05322pt x 237.16203pt.
 [1


] [2 <./figures/Micro_aerial.png>]
LaTeX Font Info:    Try loading font information for OMS+cmr on input line 116.


(/usr/share/texlive/texmf-dist/tex/latex/base/omscmr.fd
File: omscmr.fd 1999/05/25 v2.5h Standard LaTeX font definitions
)
LaTeX Font Info:    Font shape `OMS/cmr/m/n' in size <10> not available
(Font)              Font shape `OMS/cmsy/m/n' tried instead on input line 116.
) (./background.tex
[3]
Chapter 2.
[4

] [5]
Overfull \hbox (5.8664pt too wide) in paragraph at lines 50--51
\OT1/cmr/m/n/10 branched from it like Ant colony op-ti-miza-tion (ACO), par-ti-
cle swarm op-ti-miza-tion (PSO),Genetic
 []

Missing character: There is no ‚ in font cmr10!
Missing character: There is no Ä in font cmr10!
Missing character: There is no ô in font cmr10!
[6]
Missing character: There is no ‚ in font cmr10!
Missing character: There is no Ä in font cmr10!
Missing character: There is no ú in font cmr10!
Missing character: There is no ‚ in font cmr10!
Missing character: There is no Ä in font cmr10!
Missing character: There is no ù in font cmr10!
Missing character: There is no ‚ in font cmr10!
Missing character: There is no Ä in font cmr10!
Missing character: There is no ô in font cmr10!
 [7] <figures/markers0to8.png, id=84, 626.34pt x 626.34pt>
File: figures/markers0to8.png Graphic file (type png)

<use figures/markers0to8.png>
Package pdftex.def Info: figures/markers0to8.png used on input line 137.
(pdftex.def)             Requested size: 165.02347pt x 165.02359pt.

<figures/quadrotor_vicon_motion_capture_2.jpg, id=85, 1204.5pt x 677.53125pt>
File: figures/quadrotor_vicon_motion_capture_2.jpg Graphic file (type jpg)

<use figures/quadrotor_vicon_motion_capture_2.jpg>
Package pdftex.def Info: figures/quadrotor_vicon_motion_capture_2.jpg used on i
nput line 139.
(pdftex.def)             Requested size: 226.91199pt x 127.63641pt.
 [8 <./figures/markers0to8.png (PNG copy)> <./figures/quadrotor_vicon_motion_ca
pture_2.jpg>])
(./optimizedway.tex [9]
Chapter 3.
<figures/Camera.jpg, id=93, 1778.645pt x 1778.645pt>
File: figures/Camera.jpg Graphic file (type jpg)
 <use figures/Camera.jpg>
Package pdftex.def Info: figures/Camera.jpg used on input line 36.
(pdftex.def)             Requested size: 165.02347pt x 165.0106pt.

[10

]
Missing character: There is no ‚ in font cmr10!
Missing character: There is no Ä in font cmr10!
Missing character: There is no ú in font cmr10!
Missing character: There is no ‚ in font cmr10!
Missing character: There is no Ä in font cmr10!
Missing character: There is no ù in font cmr10!
Missing character: There is no ‚ in font cmr10!
Missing character: There is no Ä in font cmr10!
Missing character: There is no ú in font cmr10!
Missing character: There is no ‚ in font cmr10!
Missing character: There is no Ä in font cmr10!
Missing character: There is no ù in font cmr10!
 <figures/GAfinal.jpg, id=103, 1125.20375pt x 813.0375pt>
File: figures/GAfinal.jpg Graphic file (type jpg)

<use figures/GAfinal.jpg>
Package pdftex.def Info: figures/GAfinal.jpg used on input line 58.
(pdftex.def)             Requested size: 391.93546pt x 283.20273pt.

<figures/Room1.png, id=104, 293.59688pt x 205.5178pt>
File: figures/Room1.png Graphic file (type png)
 <use figures/Room1.png>
Package pdftex.def Info: figures/Room1.png used on input line 72.
(pdftex.def)             Requested size: 185.65297pt x 129.9567pt.

<figures/room3.png, id=105, 298.11375pt x 201.75375pt>
File: figures/room3.png Graphic file (type png)
 <use figures/room3.png>
Package pdftex.def Info: figures/room3.png used on input line 73.
(pdftex.def)             Requested size: 185.65297pt x 125.64323pt.

<figures/room2.png, id=106, 293.59688pt x 205.5178pt>
File: figures/room2.png Graphic file (type png)
 <use figures/room2.png>
Package pdftex.def Info: figures/room2.png used on input line 77.
(pdftex.def)             Requested size: 185.65297pt x 129.9567pt.

<figures/room4.png, id=107, 307.1475pt x 202.50656pt>
File: figures/room4.png Graphic file (type png)
 <use figures/room4.png>
Package pdftex.def Info: figures/room4.png used on input line 78.
(pdftex.def)             Requested size: 185.65297pt x 122.40404pt.

<figures/room5.png, id=108, 298.11375pt x 203.25937pt>
File: figures/room5.png Graphic file (type png)
 <use figures/room5.png>
Package pdftex.def Info: figures/room5.png used on input line 82.
(pdftex.def)             Requested size: 185.65297pt x 126.58087pt.

Underfull \vbox (badness 2142) has occurred while \output is active []

 [11 <./figures/Camera.jpg>]
Missing character: There is no ‚ in font cmr10!
Missing character: There is no Å in font cmr10!
Missing character: There is no Ñ in font cmr10!
 [12 <./figures/GAfinal.jpg>]
Underfull \vbox (badness 10000) has occurred while \output is active []

 [13 <./figures/Room1.png> <./figures/room3.png> <./figures/room2.png> <./figur
es/room4.png> <./figures/room5.png>]
<figures/GAPSObigRoomz1ters.png, id=123, 566.86781pt x 241.65282pt>
File: figures/GAPSObigRoomz1ters.png Graphic file (type png)

<use figures/GAPSObigRoomz1ters.png>
Package pdftex.def Info: figures/GAPSObigRoomz1ters.png used on input line 175.

(pdftex.def)             Requested size: 255.78825pt x 109.04143pt.

<figures/GAPSORoomLz2bis.png, id=124, 554.07pt x 261.22594pt>
File: figures/GAPSORoomLz2bis.png Graphic file (type png)

<use figures/GAPSORoomLz2bis.png>
Package pdftex.def Info: figures/GAPSORoomLz2bis.png used on input line 185.
(pdftex.def)             Requested size: 255.78825pt x 120.59586pt.
 [14]
Underfull \hbox (badness 10000) in paragraph at lines 197--200

 []

[15 <./figures/GAPSObigRoomz1ters.png> <./figures/GAPSORoomLz2bis.png>])
(./optimizedpath.tex [16]
Chapter 4.
[17

] [18] <figures/DijkstraPath2.png, id=144, 1289.81876pt x 829.0975pt>
File: figures/DijkstraPath2.png Graphic file (type png)

<use figures/DijkstraPath2.png>
Package pdftex.def Info: figures/DijkstraPath2.png used on input line 161.
(pdftex.def)             Requested size: 218.65892pt x 140.55252pt.

<figures/Path_planned_G.png, id=145, 499.8675pt x 389.455pt>
File: figures/Path_planned_G.png Graphic file (type png)

<use figures/Path_planned_G.png>
Package pdftex.def Info: figures/Path_planned_G.png used on input line 164.
(pdftex.def)             Requested size: 185.65297pt x 144.6428pt.
 [19 <./figures/DijkstraPath2.png> <./figures/Path_planned_G.png>] [20] [21]
<figures/main(1).png, id=156, 1160.335pt x 514.92375pt>
File: figures/main(1).png Graphic file (type png)

<use figures/main(1).png>
Package pdftex.def Info: figures/main(1).png used on input line 281.
(pdftex.def)             Requested size: 379.559pt x 168.43251pt.
) (./experiments.tex [22 <./figures/main(1).png>]
Chapter 5.
Missing character: There is no √ in font cmr10!
Missing character: There is no ß in font cmr10!
[23

] <figures/Room_2.png, id=165, 1031.855pt x 736.7525pt>
File: figures/Room_2.png Graphic file (type png)

<use figures/Room_2.png>
Package pdftex.def Info: figures/Room_2.png used on input line 33.
(pdftex.def)             Requested size: 226.91199pt x 162.00735pt.

<figures/room_full.png, id=166, 545.03625pt x 582.175pt>
File: figures/room_full.png Graphic file (type png)

<use figures/room_full.png>
Package pdftex.def Info: figures/room_full.png used on input line 35.
(pdftex.def)             Requested size: 173.27652pt x 185.0828pt.

<figures/Drone_VREP.png, id=167, 718.685pt x 750.805pt>
File: figures/Drone_VREP.png Graphic file (type png)

<use figures/Drone_VREP.png>
Package pdftex.def Info: figures/Drone_VREP.png used on input line 47.
(pdftex.def)             Requested size: 206.28249pt x 215.49388pt.
 [24 <./figures/Room_2.png> <./figures/room_full.png>] <figures/1m36.png, id=17
1, 472.76625pt x 649.42625pt>
File: figures/1m36.png Graphic file (type png)

<use figures/1m36.png>
Package pdftex.def Info: figures/1m36.png used on input line 100.
(pdftex.def)             Requested size: 127.89412pt x 175.68434pt.
 <figures/2m36.png, id=172, 490.83376pt x 639.38875pt>
File: figures/2m36.png Graphic file (type png)

<use figures/2m36.png>
Package pdftex.def Info: figures/2m36.png used on input line 103.
(pdftex.def)             Requested size: 127.89412pt x 166.59813pt.
 <figures/2m18.png, id=173, 455.7025pt x 626.34pt>
File: figures/2m18.png Graphic file (type png)

<use figures/2m18.png>
Package pdftex.def Info: figures/2m18.png used on input line 106.
(pdftex.def)             Requested size: 127.89412pt x 175.78496pt.
 [25 <./figures/Drone_VREP.png>]
<figures/18pts_GA_linear_2D.jpg, id=177, 562.1pt x 421.575pt>
File: figures/18pts_GA_linear_2D.jpg Graphic file (type jpg)

<use figures/18pts_GA_linear_2D.jpg>
Package pdftex.def Info: figures/18pts_GA_linear_2D.jpg used on input line 119.

(pdftex.def)             Requested size: 137.79654pt x 103.34789pt.

<figures/18pts_GA_linear_2D_2.jpg, id=178, 562.1pt x 421.575pt>
File: figures/18pts_GA_linear_2D_2.jpg Graphic file (type jpg)

<use figures/18pts_GA_linear_2D_2.jpg>
Package pdftex.def Info: figures/18pts_GA_linear_2D_2.jpg used on input line 12
2.
(pdftex.def)             Requested size: 136.14719pt x 102.10637pt.

<figures/18pts_GA_linear_2D_3.jpg, id=179, 562.1pt x 421.575pt>
File: figures/18pts_GA_linear_2D_3.jpg Graphic file (type jpg)

<use figures/18pts_GA_linear_2D_3.jpg>
Package pdftex.def Info: figures/18pts_GA_linear_2D_3.jpg used on input line 12
5.
(pdftex.def)             Requested size: 136.14719pt x 102.10637pt.

<figures/18pts_GA_linear_2D_1_smooth.jpg, id=180, 1266.7325pt x 946.53625pt>
File: figures/18pts_GA_linear_2D_1_smooth.jpg Graphic file (type jpg)

<use figures/18pts_GA_linear_2D_1_smooth.jpg>
Package pdftex.def Info: figures/18pts_GA_linear_2D_1_smooth.jpg used on input 
line 133.
(pdftex.def)             Requested size: 137.79654pt x 102.96387pt.

<figures/18pts_GA_linear_2D_2_smooth.jpg, id=181, 1174.3875pt x 946.53625pt>
File: figures/18pts_GA_linear_2D_2_smooth.jpg Graphic file (type jpg)

<use figures/18pts_GA_linear_2D_2_smooth.jpg>
Package pdftex.def Info: figures/18pts_GA_linear_2D_2_smooth.jpg used on input 
line 136.
(pdftex.def)             Requested size: 136.14719pt x 109.72318pt.

<figures/18pts_GA_linear_2D_3_smooth.jpg, id=182, 1177.39874pt x 946.53625pt>
File: figures/18pts_GA_linear_2D_3_smooth.jpg Graphic file (type jpg)

<use figures/18pts_GA_linear_2D_3_smooth.jpg>
Package pdftex.def Info: figures/18pts_GA_linear_2D_3_smooth.jpg used on input 
line 139.
(pdftex.def)             Requested size: 136.14719pt x 109.44876pt.


LaTeX Warning: `h' float specifier changed to `ht'.

[26 <./figures/1m36.png> <./figures/2m36.png> <./figures/2m18.png> <./figures/1
8pts_GA_linear_2D.jpg> <./figures/18pts_GA_linear_2D_2.jpg> <./figures/18pts_GA
_linear_2D_3.jpg>]
<figures/22pts_GA_linear_2D.jpg, id=186, 562.1pt x 421.575pt>
File: figures/22pts_GA_linear_2D.jpg Graphic file (type jpg)

<use figures/22pts_GA_linear_2D.jpg>
Package pdftex.def Info: figures/22pts_GA_linear_2D.jpg used on input line 151.

(pdftex.def)             Requested size: 206.28249pt x 154.71306pt.

<figures/22pts_GA_linear_2D_2.jpg, id=187, 562.1pt x 421.575pt>
File: figures/22pts_GA_linear_2D_2.jpg Graphic file (type jpg)

<use figures/22pts_GA_linear_2D_2.jpg>
Package pdftex.def Info: figures/22pts_GA_linear_2D_2.jpg used on input line 15
4.
(pdftex.def)             Requested size: 206.28249pt x 154.71306pt.

<figures/22pts_GA_linear_2D_1_smooth.jpg, id=188, 1248.665pt x 946.53625pt>
File: figures/22pts_GA_linear_2D_1_smooth.jpg Graphic file (type jpg)

<use figures/22pts_GA_linear_2D_1_smooth.jpg>
Package pdftex.def Info: figures/22pts_GA_linear_2D_1_smooth.jpg used on input 
line 164.
(pdftex.def)             Requested size: 206.28249pt x 156.3595pt.

<figures/22pts_GA_linear_2D_2_smooth.jpg, id=189, 1160.335pt x 946.53625pt>
File: figures/22pts_GA_linear_2D_2_smooth.jpg Graphic file (type jpg)

<use figures/22pts_GA_linear_2D_2_smooth.jpg>
Package pdftex.def Info: figures/22pts_GA_linear_2D_2_smooth.jpg used on input 
line 167.
(pdftex.def)             Requested size: 206.28249pt x 168.2605pt.

Underfull \vbox (badness 10000) has occurred while \output is active []

 [27 <./figures/18pts_GA_linear_2D_1_smooth.jpg> <./figures/18pts_GA_linear_2D_
2_smooth.jpg> <./figures/18pts_GA_linear_2D_3_smooth.jpg> <./figures/22pts_GA_l
inear_2D.jpg> <./figures/22pts_GA_linear_2D_2.jpg>]
<figures/LE2Imap.PNG, id=193, 499.8675pt x 344.03531pt>
File: figures/LE2Imap.PNG Graphic file (type png)

<use figures/LE2Imap.PNG>
Package pdftex.def Info: figures/LE2Imap.PNG used on input line 206.
(pdftex.def)             Requested size: 222.7823pt x 153.32883pt.

<figures/LE2Imap+wall.jpg, id=194, 425.59pt x 383.4325pt>
File: figures/LE2Imap+wall.jpg Graphic file (type jpg)

<use figures/LE2Imap+wall.jpg>
Package pdftex.def Info: figures/LE2Imap+wall.jpg used on input line 207.
(pdftex.def)             Requested size: 185.65297pt x 167.26569pt.

Underfull \vbox (badness 10000) has occurred while \output is active []

 [28 <./figures/22pts_GA_linear_2D_1_smooth.jpg> <./figures/22pts_GA_linear_2D_
2_smooth.jpg>] <figures/sattlite_linear.jpg, id=199, 434.35pt x 353.32pt>
File: figures/sattlite_linear.jpg Graphic file (type jpg)

<use figures/sattlite_linear.jpg>
Package pdftex.def Info: figures/sattlite_linear.jpg used on input line 214.
(pdftex.def)             Requested size: 185.65297pt x 151.0189pt.

<figures/outdoor_smooth.jpg, id=200, 1025.8325pt x 795.97375pt>
File: figures/outdoor_smooth.jpg Graphic file (type jpg)

<use figures/outdoor_smooth.jpg>
Package pdftex.def Info: figures/outdoor_smooth.jpg used on input line 217.
(pdftex.def)             Requested size: 222.7823pt x 172.85568pt.
 [29 <./figures/LE2Imap.PNG> <./figures/LE2Imap+wall.jpg> <./figures/sattlite_l
inear.jpg> <./figures/outdoor_smooth.jpg>]
<figures/APF/attractive_pot_field.jpg, id=205, 463.7325pt x 436.63126pt>
File: figures/APF/attractive_pot_field.jpg Graphic file (type jpg)

<use figures/APF/attractive_pot_field.jpg>
Package pdftex.def Info: figures/APF/attractive_pot_field.jpg used on input lin
e 237.
(pdftex.def)             Requested size: 202.15909pt x 190.34613pt.

<figures/APF/repulsive_pot_field.jpg, id=206, 467.7475pt x 439.6425pt>
File: figures/APF/repulsive_pot_field.jpg Graphic file (type jpg)

<use figures/APF/repulsive_pot_field.jpg>
Package pdftex.def Info: figures/APF/repulsive_pot_field.jpg used on input line
 238.
(pdftex.def)             Requested size: 202.15909pt x 190.0153pt.

<figures/APF/summary_pot_field.jpg, id=207, 467.7475pt x 438.63875pt>
File: figures/APF/summary_pot_field.jpg Graphic file (type jpg)

<use figures/APF/summary_pot_field.jpg>
Package pdftex.def Info: figures/APF/summary_pot_field.jpg used on input line 2
40.
(pdftex.def)             Requested size: 185.65297pt x 174.10037pt.

<figures/APF/path_field_better2.jpg, id=208, 319.1925pt x 298.11375pt>
File: figures/APF/path_field_better2.jpg Graphic file (type jpg)

<use figures/APF/path_field_better2.jpg>
Package pdftex.def Info: figures/APF/path_field_better2.jpg used on input line 
241.
(pdftex.def)             Requested size: 185.65297pt x 173.39282pt.

Underfull \vbox (badness 3029) has occurred while \output is active []

 [30 <./figures/APF/attractive_pot_field.jpg> <./figures/APF/repulsive_pot_fiel
d.jpg> <./figures/APF/summary_pot_field.jpg> <./figures/APF/path_field_better2.
jpg>]
<figures/ar_drone.png, id=212, 1565.85pt x 814.04124pt>
File: figures/ar_drone.png Graphic file (type png)

<use figures/ar_drone.png>
Package pdftex.def Info: figures/ar_drone.png used on input line 254.
(pdftex.def)             Requested size: 202.15909pt x 105.09622pt.

Underfull \vbox (badness 1490) has occurred while \output is active []

 [31 <./figures/ar_drone.png>]
<figures/practical/practical_down.jpg, id=217, 4015.0pt x 3011.25pt>
File: figures/practical/practical_down.jpg Graphic file (type jpg)

<use figures/practical/practical_down.jpg>
Package pdftex.def Info: figures/practical/practical_down.jpg used on input lin
e 274.
(pdftex.def)             Requested size: 185.65297pt x 139.22218pt.

<figures/practical/practical_full_room.jpg, id=218, 4015.0pt x 3011.25pt>
File: figures/practical/practical_full_room.jpg Graphic file (type jpg)

<use figures/practical/practical_full_room.jpg>
Package pdftex.def Info: figures/practical/practical_full_room.jpg used on inpu
t line 275.
(pdftex.def)             Requested size: 185.65297pt x 139.22218pt.

<figures/PTAM_Good2.jpg, id=219, 534.99875pt x 373.395pt>
File: figures/PTAM_Good2.jpg Graphic file (type jpg)

<use figures/PTAM_Good2.jpg>
Package pdftex.def Info: figures/PTAM_Good2.jpg used on input line 287.
(pdftex.def)             Requested size: 309.42372pt x 215.9653pt.
 [32 <./figures/practical/practical_down.jpg> <./figures/practical/practical_fu
ll_room.jpg>]
<figures/room_python.PNG, id=223, 207.02344pt x 191.21437pt>
File: figures/room_python.PNG Graphic file (type png)

<use figures/room_python.PNG>
Package pdftex.def Info: figures/room_python.PNG used on input line 306.
(pdftex.def)             Requested size: 185.65297pt x 171.48154pt.

Underfull \vbox (badness 10000) has occurred while \output is active []

 [33 <./figures/PTAM_Good2.jpg>] <figures/mosaic2.png, id=227, 1714.405pt x 177
2.6225pt>
File: figures/mosaic2.png Graphic file (type png)

<use figures/mosaic2.png>
Package pdftex.def Info: figures/mosaic2.png used on input line 313.
(pdftex.def)             Requested size: 185.65297pt x 191.93265pt.

<figures/room_full2.png, id=228, 714.67pt x 765.86125pt>
File: figures/room_full2.png Graphic file (type png)

<use figures/room_full2.png>
Package pdftex.def Info: figures/room_full2.png used on input line 315.
(pdftex.def)             Requested size: 185.65297pt x 198.94394pt.
 [34 <./figures/room_python.PNG> <./figures/mosaic2.png> <./figures/room_full2.
png>]
<figures/practical/mosaic_practical.jpg, id=235, 2523.4275pt x 2345.76375pt>
File: figures/practical/mosaic_practical.jpg Graphic file (type jpg)

<use figures/practical/mosaic_practical.jpg>
Package pdftex.def Info: figures/practical/mosaic_practical.jpg used on input l
ine 330.
(pdftex.def)             Requested size: 268.1647pt x 249.26543pt.
Missing character: There is no ¬ in font cmr10!
Missing character: There is no Æ in font cmr10!
Missing character: There is no ‚ in font cmr10!
Missing character: There is no Ñ in font cmr10!
Missing character: There is no ¢ in font cmr10!
Missing character: There is no √ in font cmr10!
Missing character: There is no ó in font cmr10!
) (./conclusion.tex [35 <./figures/practical/mosaic_practical.jpg>]
Chapter 6.
[36

]) (./thesis.bbl [37]
Missing character: There is no ‚ in font cmr10!
Missing character: There is no Ä in font cmr10!
Missing character: There is no ì in font cmr10!
 [38

]
Missing character: There is no ‚ in font cmr10!
Missing character: There is no Ä in font cmr10!
Missing character: There is no ì in font cmr10!
 [39]
Missing character: There is no √ in font cmr10!
Missing character: There is no ∂ in font cmr10!
Missing character: There is no ‚ in font cmr10!
Missing character: There is no Ä in font cmr10!
Missing character: There is no ô in font cmr10!

Underfull \hbox (badness 10000) in paragraph at lines 188--194
\OT1/cmtt/m/n/10 redir ? resid = 7D510DC6427EBCFD ! 2442 & authkey = !ADaFBcw-[
]AiQErOI & ithint = folder %
 []

[40]) [41] (build/thesis.aux (build/header.aux))

LaTeX Warning: There were multiply-defined labels.

 ) 
Here is how much of TeX's memory you used:
 22672 strings out of 494985
 443032 string characters out of 6180356
 472977 words of memory out of 5000000
 25326 multiletter control sequences out of 15000+600000
 15119 words of font info for 61 fonts, out of 8000000 for 9000
 36 hyphenation exceptions out of 8191
 56i,15n,69p,10368b,694s stack positions out of 5000i,500n,10000p,200000b,80000s
</usr/share/texlive/texmf-dist/fonts/type1/public/amsfonts/cm/cmbx10.pfb></us
r/share/texlive/texmf-dist/fonts/type1/public/amsfonts/cm/cmbx12.pfb></usr/shar
e/texlive/texmf-dist/fonts/type1/public/amsfonts/cm/cmcsc10.pfb></usr/share/tex
live/texmf-dist/fonts/type1/public/amsfonts/cm/cmex10.pfb></usr/share/texlive/t
exmf-dist/fonts/type1/public/amsfonts/cm/cmmi10.pfb></usr/share/texlive/texmf-d
ist/fonts/type1/public/amsfonts/cm/cmmi7.pfb></usr/share/texlive/texmf-dist/fon
ts/type1/public/amsfonts/cm/cmr10.pfb></usr/share/texlive/texmf-dist/fonts/type
1/public/amsfonts/cm/cmr12.pfb></usr/share/texlive/texmf-dist/fonts/type1/publi
c/amsfonts/cm/cmr7.pfb></usr/share/texlive/texmf-dist/fonts/type1/public/amsfon
ts/cm/cmr8.pfb></usr/share/texlive/texmf-dist/fonts/type1/public/amsfonts/cm/cm
sl10.pfb></usr/share/texlive/texmf-dist/fonts/type1/public/amsfonts/cm/cmssbx10
.pfb></usr/share/texlive/texmf-dist/fonts/type1/public/amsfonts/cm/cmsy10.pfb><
/usr/share/texlive/texmf-dist/fonts/type1/public/amsfonts/cm/cmsy7.pfb></usr/sh
are/texlive/texmf-dist/fonts/type1/public/amsfonts/cm/cmti10.pfb></usr/share/te
xlive/texmf-dist/fonts/type1/public/amsfonts/cm/cmtt10.pfb>
Output written on build/thesis.pdf (50 pages, 14406030 bytes).
PDF statistics:
 313 PDF objects out of 1000 (max. 8388607)
 165 compressed objects within 2 object streams
 0 named destinations out of 1000 (max. 500000)
 349 words of extra memory for PDF output out of 10000 (max. 10000000)

